#
# A fatal error has been detected by the Java Runtime Environment:
#
#  Internal Error (os_windows_x86.cpp:144), pid=38680, tid=37484
#  guarantee(result == EXCEPTION_CONTINUE_EXECUTION) failed: Unexpected result from topLevelExceptionFilter
#
# JRE version: Java(TM) SE Runtime Environment (21.0.1+12) (build 21.0.1+12-LTS-29)
# Java VM: Java HotSpot(TM) 64-Bit Server VM (21.0.1+12-LTS-29, mixed mode, sharing, tiered, compressed oops, compressed class ptrs, g1 gc, windows-amd64)
# No core dump will be written. Minidumps are not enabled by default on client versions of Windows
#
# If you would like to submit a bug report, please visit:
#   https://bugreport.java.com/bugreport/crash.jsp
# The crash happened outside the Java Virtual Machine in native code.
# See problematic frame for where to report the bug.
#

---------------  S U M M A R Y ------------

Command Line: -javaagent:C:\Users\joseph\Anaconda3\Lib\site-packages\org.jpype.jar 

Host: 11th Gen Intel(R) Core(TM) i7-11800H @ 2.30GHz, 16 cores, 63G,  Windows 10 , 64 bit Build 19041 (10.0.19041.5198)
Time: Wed Dec 25 21:41:46 2024 Malay Peninsula Standard Time elapsed time: 205.521300 seconds (0d 0h 3m 25s)

---------------  T H R E A D  ---------------

Current thread (0x000001f07f24e7f0):  JavaThread "Python Reference Queue" daemon [_thread_in_native, id=37484, stack(0x0000007846eb0000,0x00000078470a0000) (1984K)]

Stack: [0x0000007846eb0000,0x00000078470a0000]
Native frames: (J=compiled Java code, j=interpreted, Vv=VM code, C=native code)
C  0x00007ffae4ee9029
C  0x00007ffae5074b81
C  0x00007ffae5076e5e
C  0x00007ffae50774f7
C  0x00007ffae4aa0b87
C  0x00007ffae4ee8a63
C  [ntdll.dll+0xa28bf]
C  [ntdll.dll+0x52554]
C  [ntdll.dll+0xa13ce]
C  0x00007ffaf380ca7d
C  0x00007ffaf380cab2
C  0x00007ffaf3725104
C  0x00007ffaf3727dd3
C  0x00007ffaf38e5ca3
C  [python312.dll+0x17ec4b]  subtype_dealloc+0x45b  (typeobject.c:2023)
C  [python312.dll+0x12ccff]  _PyObject_ClearManagedDict+0x6f  (dictobject.c:5612)
C  [python312.dll+0x17e754]  subtype_clear+0x104  (typeobject.c:1871)
C  [python312.dll+0x81ebd]  delete_garbage+0x11d  (gcmodule.c:1030)
C  [python312.dll+0x8267f]  gc_collect_main+0x59f  (gcmodule.c:1307)
C  [python312.dll+0x82d05]  gc_collect_with_callback+0x45  (gcmodule.c:1427)
C  [python312.dll+0x83d47]  PyGC_Collect+0x87  (gcmodule.c:2112)
C  0x00007ffaf36b9647
C  0x000001f00f7ecf0b

The last pc belongs to native method entry point (kind = native) (printed below).
Java frames: (J=compiled Java code, j=interpreted, Vv=VM code)
j  org.jpype.ref.JPypeReferenceNative.wake()V+0
j  org.jpype.ref.JPypeReferenceQueue$Worker.run()V+42
j  java.lang.Thread.runWith(Ljava/lang/Object;Ljava/lang/Runnable;)V+5 java.base@21.0.1
j  java.lang.Thread.run()V+19 java.base@21.0.1
v  ~StubRoutines::call_stub 0x000001f00f7e10e7
native method entry point (kind = native)  [0x000001f00f7ecae0, 0x000001f00f7ed708]  3112 bytes
[MachCode]
  0x000001f00f7ecae0: 488b 4b08 | 0fb7 492e | 584c 8d74 | ccf8 6800 | 0000 0068 | 0000 0000 | 5055 488b | ec41 5568 
  0x000001f00f7ecb00: 0000 0000 | 4c8b 6b08 | 4d8d 6d38 | 5348 8b53 | 0848 8b52 | 0848 8b52 | 1848 8b52 | 7048 8b12 
  0x000001f00f7ecb20: 5248 8b53 | 1048 85d2 | 0f84 0700 | 0000 4881 | c208 0100 | 0052 488b | 5308 488b | 5208 488b 
  0x000001f00f7ecb40: 5210 5249 | 8bc6 482b | c548 c1e8 | 0350 6800 | 0000 0068 | 0000 0000 | 4889 2424 | 41c6 8779 
  0x000001f00f7ecb60: 0400 0001 | 488b 4310 | 4885 c074 | 208b 88cc | 0000 0083 | c102 8988 | cc00 0000 | 2388 e000 
  0x000001f00f7ecb80: 0000 0f84 | cb0a 0000 | e9cf 0000 | 0048 8b43 | 1848 85c0 | 0f85 b000 | 0000 e805 | 0000 00e9 
  0x000001f00f7ecba0: 9900 0000 | 488b d348 | 8d44 2408 | 4c89 6dc0 | 498b cfc5 | f877 4989 | afa8 0300 | 0049 8987 
  0x000001f00f7ecbc0: 9803 0000 | 4883 ec20 | 40f6 c40f | 0f84 1900 | 0000 4883 | ec08 48b8 | 403f bfe4 | fa7f 0000 
  0x000001f00f7ecbe0: ffd0 4883 | c408 e90c | 0000 0048 | b840 3fbf | e4fa 7f00 | 00ff d048 | 83c4 2049 | c787 9803 
  0x000001f00f7ecc00: 0000 0000 | 0000 49c7 | 87a8 0300 | 0000 0000 | 0049 c787 | a003 0000 | 0000 0000 | c5f8 7749 
  0x000001f00f7ecc20: 837f 0800 | 0f84 0500 | 0000 e9d1 | 42ff ff4c | 8b6d c04c | 8b75 c84e | 8d74 f500 | c348 8b43 
  0x000001f00f7ecc40: 1848 85c0 | 0f84 1200 | 0000 8b48 | 0883 c102 | 8948 0823 | 481c 0f84 | f709 0000 | 493b a7e8 
  0x000001f00f7ecc60: 0400 000f | 8748 0000 | 0089 8424 | 00f0 ffff | 8984 2400 | e0ff ff89 | 8424 00d0 | ffff 8984 
  0x000001f00f7ecc80: 2400 c0ff | ff89 8424 | 00b0 ffff | 8984 2400 | a0ff ff89 | 8424 0090 | ffff 8984 | 2400 80ff 
  0x000001f00f7ecca0: ff49 3ba7 | e004 0000 | 7607 4989 | a7e8 0400 | 0041 c687 | 7904 0000 | 0049 bac9 | 2544 e5fa 
  0x000001f00f7eccc0: 7f00 0041 | 803a 000f | 843e 0000 | 0048 8b55 | e849 8bcf | 4883 ec20 | 40f6 c40f | 0f84 1900 
  0x000001f00f7ecce0: 0000 4883 | ec08 48b8 | 30eb f4e4 | fa7f 0000 | ffd0 4883 | c408 e90c | 0000 0048 | b830 ebf4 
  0x000001f00f7ecd00: e4fa 7f00 | 00ff d048 | 83c4 2048 | 8b5d e84c | 8b5b 0845 | 0fb7 5b2e | 41c1 e303 | 492b e348 
  0x000001f00f7ecd20: 83ec 2048 | 83e4 f04c | 8b5b 604d | 85db 0f85 | ab00 0000 | e805 0000 | 00e9 9900 | 0000 488b 
  0x000001f00f7ecd40: d348 8d44 | 2408 4c89 | 6dc0 498b | cfc5 f877 | 4989 afa8 | 0300 0049 | 8987 9803 | 0000 4883 
  0x000001f00f7ecd60: ec20 40f6 | c40f 0f84 | 1900 0000 | 4883 ec08 | 48b8 0066 | bfe4 fa7f | 0000 ffd0 | 4883 c408 
  0x000001f00f7ecd80: e90c 0000 | 0048 b800 | 66bf e4fa | 7f00 00ff | d048 83c4 | 2049 c787 | 9803 0000 | 0000 0000 
  0x000001f00f7ecda0: 49c7 87a8 | 0300 0000 | 0000 0049 | c787 a003 | 0000 0000 | 0000 c5f8 | 7749 837f | 0800 0f84 
  0x000001f00f7ecdc0: 0500 0000 | e937 41ff | ff4c 8b6d | c04c 8b75 | c84e 8d74 | f500 c348 | 8b5d e84c | 8b5b 6041 
  0x000001f00f7ecde0: ffd3 488b | 5de8 4889 | 4518 448b | 5b28 41f6 | c308 0f84 | 1b00 0000 | 4c8b 5b08 | 4d8b 5b08 
  0x000001f00f7ece00: 4d8b 5b18 | 4d8b 5b70 | 4d8b 1b4c | 895d 1048 | 8d55 1048 | 8b43 5849 | ba70 40f5 | e4fa 7f00 
  0x000001f00f7ece20: 0049 3bc2 | 0f85 ab00 | 0000 e805 | 0000 00e9 | 9900 0000 | 488b d348 | 8d44 2408 | 4c89 6dc0 
  0x000001f00f7ece40: 498b cfc5 | f877 4989 | afa8 0300 | 0049 8987 | 9803 0000 | 4883 ec20 | 40f6 c40f | 0f84 1900 
  0x000001f00f7ece60: 0000 4883 | ec08 48b8 | 0066 bfe4 | fa7f 0000 | ffd0 4883 | c408 e90c | 0000 0048 | b800 66bf 
  0x000001f00f7ece80: e4fa 7f00 | 00ff d048 | 83c4 2049 | c787 9803 | 0000 0000 | 0000 49c7 | 87a8 0300 | 0000 0000 
  0x000001f00f7ecea0: 0049 c787 | a003 0000 | 0000 0000 | c5f8 7749 | 837f 0800 | 0f84 0500 | 0000 e941 | 40ff ff4c 
  0x000001f00f7ecec0: 8b6d c04c | 8b75 c84e | 8d74 f500 | c348 8b5d | e848 8b43 | 5849 8d8f | b803 0000 | c5f8 7749 
  0x000001f00f7ecee0: 89af a803 | 0000 49ba | dcce 7e0f | f001 0000 | 4d89 97a0 | 0300 0049 | 89a7 9803 | 0000 41c7 
  0x000001f00f7ecf00: 874c 0400 | 0004 0000 | 00ff d0c5 | f877 4883 | ec10 c5fb | 1104 2448 | 83ec 1048 | 8904 2448 
  0x000001f00f7ecf20: c744 2408 | 0000 0000 | 41c7 874c | 0400 0005 | 0000 00f0 | 8344 24c0 | 0049 3baf | 5004 0000 
  0x000001f00f7ecf40: 0f87 0e00 | 0000 4183 | bf48 0400 | 0000 0f84 | 2000 0000 | 498b cf4c | 8be4 4883 | ec20 4883 
  0x000001f00f7ecf60: e4f0 48b8 | c0be c0e4 | fa7f 0000 | ffd0 498b | e44d 33e4 | 41c7 874c | 0400 0008 | 0000 0049 
  0x000001f00f7ecf80: c787 9803 | 0000 0000 | 0000 49c7 | 87a8 0300 | 0000 0000 | 0049 c787 | a003 0000 | 0000 0000 
  0x000001f00f7ecfa0: c5f8 774d | 8b9f 2804 | 0000 41c7 | 8300 0100 | 0000 0000 | 0049 bb9a | a37e 0ff0 | 0100 004c 
  0x000001f00f7ecfc0: 3b5d 180f | 8524 0300 | 0048 8b04 | 2448 83c4 | 1048 85c0 | 0f84 fe02 | 0000 a803 | 0f85 0800 
  0x000001f00f7ecfe0: 0000 488b | 00e9 ee02 | 0000 a801 | 0f85 0900 | 0000 488b | 40fe e9dd | 0200 0048 | 8b40 ff41 
  0x000001f00f7ed000: 807f 4000 | 0f84 ce02 | 0000 4883 | f800 0f84 | c402 0000 | 4d8b 5f28 | 4983 fb00 | 0f84 1400 
  0x000001f00f7ed020: 0000 4983 | eb08 4d89 | 5f28 4d03 | 5f38 4989 | 03e9 a202 | 0000 4881 | ec50 0100 | 0048 8904 
  0x000001f00f7ed040: 2448 894c | 2408 4889 | 5424 1048 | 8974 2418 | 4889 7c24 | 204c 8944 | 2428 4c89 | 4c24 304c 
  0x000001f00f7ed060: 8954 2438 | 4c89 5c24 | 40c5 fb11 | 4424 50c5 | fb11 4c24 | 58c5 fb11 | 5424 60c5 | fb11 5c24 
  0x000001f00f7ed080: 68c5 fb11 | 6424 70c5 | fb11 6c24 | 78c5 fb11 | b424 8000 | 0000 c5fb | 11bc 2488 | 0000 00c5 
  0x000001f00f7ed0a0: 7b11 8424 | 9000 0000 | c57b 118c | 2498 0000 | 00c5 7b11 | 9424 a000 | 0000 c57b | 119c 24a8 
  0x000001f00f7ed0c0: 0000 00c5 | 7b11 a424 | b000 0000 | c57b 11ac | 24b8 0000 | 00c5 7b11 | b424 c000 | 0000 c57b 
  0x000001f00f7ed0e0: 11bc 24c8 | 0000 0062 | e1ff 0811 | 4424 1a62 | e1ff 0811 | 4c24 1b62 | e1ff 0811 | 5424 1c62 
  0x000001f00f7ed100: e1ff 0811 | 5c24 1d62 | e1ff 0811 | 6424 1e62 | e1ff 0811 | 6c24 1f62 | e1ff 0811 | 7424 2062 
  0x000001f00f7ed120: e1ff 0811 | 7c24 2162 | 61ff 0811 | 4424 2262 | 61ff 0811 | 4c24 2362 | 61ff 0811 | 5424 2462 
  0x000001f00f7ed140: 61ff 0811 | 5c24 2562 | 61ff 0811 | 6424 2662 | 61ff 0811 | 6c24 2762 | 61ff 0811 | 7424 2862 
  0x000001f00f7ed160: 61ff 0811 | 7c24 2949 | 8bd7 488b | c848 83ec | 2040 f6c4 | 0f0f 8419 | 0000 0048 | 83ec 0848 
  0x000001f00f7ed180: b8b0 22b4 | e4fa 7f00 | 00ff d048 | 83c4 08e9 | 0c00 0000 | 48b8 b022 | b4e4 fa7f | 0000 ffd0 
  0x000001f00f7ed1a0: 4883 c420 | 6261 ff08 | 107c 2429 | 6261 ff08 | 1074 2428 | 6261 ff08 | 106c 2427 | 6261 ff08 
  0x000001f00f7ed1c0: 1064 2426 | 6261 ff08 | 105c 2425 | 6261 ff08 | 1054 2424 | 6261 ff08 | 104c 2423 | 6261 ff08 
  0x000001f00f7ed1e0: 1044 2422 | 62e1 ff08 | 107c 2421 | 62e1 ff08 | 1074 2420 | 62e1 ff08 | 106c 241f | 62e1 ff08 
  0x000001f00f7ed200: 1064 241e | 62e1 ff08 | 105c 241d | 62e1 ff08 | 1054 241c | 62e1 ff08 | 104c 241b | 62e1 ff08 
  0x000001f00f7ed220: 1044 241a | c57b 10bc | 24c8 0000 | 00c5 7b10 | b424 c000 | 0000 c57b | 10ac 24b8 | 0000 00c5 
  0x000001f00f7ed240: 7b10 a424 | b000 0000 | c57b 109c | 24a8 0000 | 00c5 7b10 | 9424 a000 | 0000 c57b | 108c 2498 
  0x000001f00f7ed260: 0000 00c5 | 7b10 8424 | 9000 0000 | c5fb 10bc | 2488 0000 | 00c5 fb10 | b424 8000 | 0000 c5fb 
  0x000001f00f7ed280: 106c 2478 | c5fb 1064 | 2470 c5fb | 105c 2468 | c5fb 1054 | 2460 c5fb | 104c 2458 | c5fb 1044 
  0x000001f00f7ed2a0: 2450 4c8b | 5c24 404c | 8b54 2438 | 4c8b 4c24 | 304c 8b44 | 2428 488b | 7c24 2048 | 8b74 2418 
  0x000001f00f7ed2c0: 488b 5424 | 1048 8b4c | 2408 488b | 0424 4881 | c450 0100 | 00c5 f877 | 4889 4510 | 4883 ec10 
  0x000001f00f7ed2e0: 4889 0424 | 48c7 4424 | 0800 0000 | 0041 83bf | c804 0000 | 020f 85bf | 0000 0048 | 81ec 8000 
  0x000001f00f7ed300: 0000 4889 | 4424 7848 | 894c 2470 | 4889 5424 | 6848 895c | 2460 4889 | 6c24 5048 | 8974 2448 
  0x000001f00f7ed320: 4889 7c24 | 404c 8944 | 2438 4c89 | 4c24 304c | 8954 2428 | 4c89 5c24 | 204c 8964 | 2418 4c89 
  0x000001f00f7ed340: 6c24 104c | 8974 2408 | 4c89 3c24 | 4c8b e448 | 83ec 2048 | 83e4 f048 | b860 23f5 | e4fa 7f00 
  0x000001f00f7ed360: 00ff d049 | 8be4 4c8b | 3c24 4c8b | 7424 084c | 8b6c 2410 | 4c8b 6424 | 184c 8b5c | 2420 4c8b 
  0x000001f00f7ed380: 5424 284c | 8b4c 2430 | 4c8b 4424 | 3848 8b7c | 2440 488b | 7424 4848 | 8b6c 2450 | 488b 5c24 
  0x000001f00f7ed3a0: 6048 8b54 | 2468 488b | 4c24 7048 | 8b44 2478 | 4881 c480 | 0000 004d | 33e4 488b | 5de8 4c8b 
  0x000001f00f7ed3c0: 6b08 4d8d | 6d38 4983 | 7f08 000f | 84bb 0000 | 00e8 0500 | 0000 e996 | 0000 0048 | 8d44 2408 
  0x000001f00f7ed3e0: 4c89 6dc0 | 498b cfc5 | f877 4989 | afa8 0300 | 0049 8987 | 9803 0000 | 4883 ec20 | 40f6 c40f 
  0x000001f00f7ed400: 0f84 1900 | 0000 4883 | ec08 48b8 | 9083 bfe4 | fa7f 0000 | ffd0 4883 | c408 e90c | 0000 0048 
  0x000001f00f7ed420: b890 83bf | e4fa 7f00 | 00ff d048 | 83c4 2049 | c787 9803 | 0000 0000 | 0000 49c7 | 87a8 0300 
  0x000001f00f7ed440: 0000 0000 | 0049 c787 | a003 0000 | 0000 0000 | c5f8 7749 | 837f 0800 | 0f84 0500 | 0000 e99d 
  0x000001f00f7ed460: 3aff ff4c | 8b6d c04c | 8b75 c84e | 8d74 f500 | c348 b900 | 281c e5fa | 7f00 0048 | 83e4 f048 
  0x000001f00f7ed480: b8e0 0fe4 | e4fa 7f00 | 00ff d0f4 | 448b 5b28 | 41f6 c320 | 0f84 4401 | 0000 488d | 55a8 4c8b 
  0x000001f00f7ed4a0: 5a08 4d85 | db0f 85bb | 0000 00e8 | 0500 0000 | e996 0000 | 0048 8d44 | 2408 4c89 | 6dc0 498b 
  0x000001f00f7ed4c0: cfc5 f877 | 4989 afa8 | 0300 0049 | 8987 9803 | 0000 4883 | ec20 40f6 | c40f 0f84 | 1900 0000 
  0x000001f00f7ed4e0: 4883 ec08 | 48b8 c082 | bfe4 fa7f | 0000 ffd0 | 4883 c408 | e90c 0000 | 0048 b8c0 | 82bf e4fa 
  0x000001f00f7ed500: 7f00 00ff | d048 83c4 | 2049 c787 | 9803 0000 | 0000 0000 | 49c7 87a8 | 0300 0000 | 0000 0049 
  0x000001f00f7ed520: c787 a003 | 0000 0000 | 0000 c5f8 | 7749 837f | 0800 0f84 | 0500 0000 | e9c3 39ff | ff4c 8b6d 
  0x000001f00f7ed540: c04c 8b75 | c84e 8d74 | f500 c348 | b900 281c | e5fa 7f00 | 0048 83e4 | f048 b8e0 | 0fe4 e4fa 
  0x000001f00f7ed560: 7f00 00ff | d0f4 4c89 | 6dc0 488d | 024c 8b4a | 0848 c742 | 0800 0000 | 004c 8b00 | 4d85 c00f 
  0x000001f00f7ed580: 840b 0000 | 00f0 4d0f | b101 0f85 | 0c00 0000 | 49ff 8f50 | 0500 00e9 | 3e00 0000 | 4c89 4a08 
  0x000001f00f7ed5a0: 488b ca48 | 83ec 2040 | f6c4 0f0f | 8419 0000 | 0048 83ec | 0848 b8f0 | 55bf e4fa | 7f00 00ff 
  0x000001f00f7ed5c0: d048 83c4 | 08e9 0c00 | 0000 48b8 | f055 bfe4 | fa7f 0000 | ffd0 4883 | c420 4c8b | 6dc0 49ba 
  0x000001f00f7ed5e0: c925 44e5 | fa7f 0000 | 4180 3a00 | 0f84 3e00 | 0000 488b | 55e8 498b | cf48 83ec | 2040 f6c4 
  0x000001f00f7ed600: 0f0f 8419 | 0000 0048 | 83ec 0848 | b830 ebf4 | e4fa 7f00 | 00ff d048 | 83c4 08e9 | 0c00 0000 
  0x000001f00f7ed620: 48b8 30eb | f4e4 fa7f | 0000 ffd0 | 4883 c420 | 488b 0424 | 4883 c410 | c5fb 1004 | 2448 83c4 
  0x000001f00f7ed640: 104c 8b5d | 1841 ffd3 | 4c8b 5df8 | c95f 498b | e3ff e7ba | 0000 0000 | e805 0000 | 00e9 9600 
  0x000001f00f7ed660: 0000 488d | 4424 084c | 896d c049 | 8bcf c5f8 | 7749 89af | a803 0000 | 4989 8798 | 0300 0048 
  0x000001f00f7ed680: 83ec 2040 | f6c4 0f0f | 8419 0000 | 0048 83ec | 0848 b8c0 | 49bf e4fa | 7f00 00ff | d048 83c4 
  0x000001f00f7ed6a0: 08e9 0c00 | 0000 48b8 | c049 bfe4 | fa7f 0000 | ffd0 4883 | c420 49c7 | 8798 0300 | 0000 0000 
  0x000001f00f7ed6c0: 0049 c787 | a803 0000 | 0000 0000 | 49c7 87a0 | 0300 0000 | 0000 00c5 | f877 4983 | 7f08 000f 
  0x000001f00f7ed6e0: 8405 0000 | 00e9 1638 | ffff 4c8b | 6dc0 4c8b | 75c8 4e8d | 74f5 00c3 | 488b 5de8 | e95b f5ff 
  0x000001f00f7ed700: ff0f 1f80 | 0000 0000 
[/MachCode]

---------------  P R O C E S S  ---------------

Threads class SMR info:
_java_thread_list=0x000001f07f83ce20, length=12, elements={
0x000001f0767d0660, 0x000001f0767cec20, 0x000001f0767cf940, 0x000001f0767d1380,
0x000001f0767cf2b0, 0x000001f0767d0cf0, 0x000001f0767d1a10, 0x000001f07efdea70,
0x000001f07efdc860, 0x000001f0767d3450, 0x000001f07f2492a0, 0x000001f07f24e7f0
}

Java Threads: ( => current thread )
  0x000001f0767d0660 JavaThread "main"                              [_thread_in_native, id=37792, stack(0x0000007840800000,0x00000078409f0000) (1984K)]
  0x000001f0767cec20 JavaThread "Reference Handler"          daemon [_thread_blocked, id=23136, stack(0x0000007845770000,0x0000007845960000) (1984K)]
  0x000001f0767cf940 JavaThread "Finalizer"                  daemon [_thread_blocked, id=10836, stack(0x0000007845960000,0x0000007845b50000) (1984K)]
  0x000001f0767d1380 JavaThread "Signal Dispatcher"          daemon [_thread_blocked, id=36976, stack(0x0000007845b50000,0x0000007845d40000) (1984K)]
  0x000001f0767cf2b0 JavaThread "Attach Listener"            daemon [_thread_blocked, id=33032, stack(0x0000007845d40000,0x0000007845f30000) (1984K)]
  0x000001f0767d0cf0 JavaThread "Service Thread"             daemon [_thread_blocked, id=36748, stack(0x0000007845f30000,0x0000007846120000) (1984K)]
  0x000001f0767d1a10 JavaThread "Monitor Deflation Thread"   daemon [_thread_blocked, id=18388, stack(0x0000007846120000,0x0000007846310000) (1984K)]
  0x000001f07efdea70 JavaThread "C2 CompilerThread0"         daemon [_thread_blocked, id=24120, stack(0x0000007846310000,0x0000007846500000) (1984K)]
  0x000001f07efdc860 JavaThread "C1 CompilerThread0"         daemon [_thread_blocked, id=25960, stack(0x0000007846500000,0x00000078466f0000) (1984K)]
  0x000001f0767d3450 JavaThread "Common-Cleaner"             daemon [_thread_blocked, id=35668, stack(0x00000078466f0000,0x00000078468e0000) (1984K)]
  0x000001f07f2492a0 JavaThread "Notification Thread"        daemon [_thread_blocked, id=26412, stack(0x0000007846cc0000,0x0000007846eb0000) (1984K)]
=>0x000001f07f24e7f0 JavaThread "Python Reference Queue"     daemon [_thread_in_native, id=37484, stack(0x0000007846eb0000,0x00000078470a0000) (1984K)]
Total: 12

Other Threads:
  0x000001f076e465b0 VMThread "VM Thread"                           [id=29392, stack(0x0000007845580000,0x0000007845770000) (1984K)]
  0x000001f076e8ae60 WatcherThread "VM Periodic Task Thread"        [id=26268, stack(0x0000007845390000,0x0000007845580000) (1984K)]
  0x000001f076e44170 WorkerThread "GC Thread#0"                     [id=22452, stack(0x00000078449e0000,0x0000007844bd0000) (1984K)]
  0x000001f076e482b0 WorkerThread "GC Thread#1"                     [id=6288, stack(0x0000007847290000,0x0000007847480000) (1984K)]
  0x000001f076e448b0 WorkerThread "GC Thread#2"                     [id=30144, stack(0x0000007847480000,0x0000007847670000) (1984K)]
  0x000001f076e40b10 WorkerThread "GC Thread#3"                     [id=32608, stack(0x0000007847670000,0x0000007847860000) (1984K)]
  0x000001f07f936560 WorkerThread "GC Thread#4"                     [id=30656, stack(0x00000078470a0000,0x0000007847290000) (1984K)]
  0x000001f076c944e0 ConcurrentGCThread "G1 Main Marker"            [id=31948, stack(0x0000007844bd0000,0x0000007844dc0000) (1984K)]
  0x000001f076e44ff0 WorkerThread "G1 Conc#0"                       [id=32260, stack(0x0000007844dc0000,0x0000007844fb0000) (1984K)]
  0x000001f0768e25b0 ConcurrentGCThread "G1 Refine#0"               [id=33440, stack(0x0000007844fb0000,0x00000078451a0000) (1984K)]
  0x000001f078753b80 ConcurrentGCThread "G1 Service"                [id=24864, stack(0x00000078451a0000,0x0000007845390000) (1984K)]
Total: 11

Threads with active compile tasks:
Total: 0

VM state: not at safepoint (normal execution)

VM Mutex/Monitor currently owned by a thread: None

Heap address: 0x0000000404000000, size: 16320 MB, Compressed Oops mode: Zero based, Oop shift amount: 3

CDS archive(s) mapped at: [0x000001f080000000-0x000001f080c90000-0x000001f080c90000), size 13172736, SharedBaseAddress: 0x000001f080000000, ArchiveRelocationMode: 1.
Compressed class space mapped at: 0x000001f081000000-0x000001f0c1000000, reserved size: 1073741824
Narrow klass base: 0x000001f080000000, Narrow klass shift: 0, Narrow klass range: 0x100000000

GC Precious Log:
 CardTable entry size: 512
 Card Set container configuration: InlinePtr #cards 4 size 8 Array Of Cards #cards 64 size 144 Howl #buckets 8 coarsen threshold 14745 Howl Bitmap #cards 2048 size 272 coarsen threshold 1843 Card regions per heap region 1 cards per card region 16384
 CPUs: 16 total, 16 available
 Memory: 65259M
 Large Page Support: Disabled
 NUMA Support: Disabled
 Compressed Oops: Enabled (Zero based)
 Heap Region Size: 8M
 Heap Min Capacity: 8M
 Heap Initial Capacity: 1G
 Heap Max Capacity: 16320M
 Pre-touch: Disabled
 Parallel Workers: 13
 Concurrent Workers: 3
 Concurrent Refinement Workers: 13
 Periodic GC: Disabled

Heap:
 garbage-first heap   total 32768K, used 1632K [0x0000000404000000, 0x0000000800000000)
  region size 8192K, 1 young (8192K), 0 survivors (0K)
 Metaspace       used 1573K, committed 1664K, reserved 1114112K
  class space    used 134K, committed 192K, reserved 1048576K

Heap Regions: E=young(eden), S=young(survivor), O=old, HS=humongous(starts), HC=humongous(continues), CS=collection set, F=free, TAMS=top-at-mark-start, PB=parsable bottom
|   0|0x0000000404000000, 0x0000000404198290, 0x0000000404800000| 19%| O|  |TAMS 0x0000000404000000| PB 0x0000000404000000| Untracked 
|   1|0x0000000404800000, 0x0000000404800000, 0x0000000405000000|  0%| F|  |TAMS 0x0000000404800000| PB 0x0000000404800000| Untracked 
|   2|0x0000000405000000, 0x0000000405000000, 0x0000000405800000|  0%| F|  |TAMS 0x0000000405000000| PB 0x0000000405000000| Untracked 
|   3|0x0000000405800000, 0x00000004058160b8, 0x0000000406000000|  1%| E|  |TAMS 0x0000000405800000| PB 0x0000000405800000| Complete 

Card table byte_map: [0x000001f01a030000,0x000001f01c010000] _byte_map_base: 0x000001f018010000

Marking Bits: (CMBitMap*) 0x000001f0767d2dd0
 Bits: [0x000001f01c010000, 0x000001f02bf10000)

Polling page: 0x000001f07ecc0000

Metaspace:

Usage:
  Non-class:      1.41 MB used.
      Class:    134.12 KB used.
       Both:      1.54 MB used.

Virtual space:
  Non-class space:       64.00 MB reserved,       1.44 MB (  2%) committed,  1 nodes.
      Class space:        1.00 GB reserved,     192.00 KB ( <1%) committed,  1 nodes.
             Both:        1.06 GB reserved,       1.62 MB ( <1%) committed. 

Chunk freelists:
   Non-Class:  11.81 MB
       Class:  15.70 MB
        Both:  27.51 MB

MaxMetaspaceSize: unlimited
CompressedClassSpaceSize: 1.00 GB
Initial GC threshold: 21.00 MB
Current GC threshold: 21.00 MB
CDS: on
 - commit_granule_bytes: 65536.
 - commit_granule_words: 8192.
 - virtual_space_node_default_size: 8388608.
 - enlarge_chunks_in_place: 1.
 - use_allocation_guard: 0.


Internal statistics:

num_allocs_failed_limit: 0.
num_arena_births: 52.
num_arena_deaths: 0.
num_vsnodes_births: 2.
num_vsnodes_deaths: 0.
num_space_committed: 26.
num_space_uncommitted: 0.
num_chunks_returned_to_freelist: 0.
num_chunks_taken_from_freelist: 67.
num_chunk_merges: 0.
num_chunk_splits: 42.
num_chunks_enlarged: 27.
num_inconsistent_stats: 0.

CodeHeap 'non-profiled nmethods': size=119168Kb used=171Kb max_used=171Kb free=118996Kb
 bounds [0x000001f00ff30000, 0x000001f0101a0000, 0x000001f017390000]
CodeHeap 'profiled nmethods': size=119104Kb used=1066Kb max_used=1067Kb free=118037Kb
 bounds [0x000001f008390000, 0x000001f008600000, 0x000001f00f7e0000]
CodeHeap 'non-nmethods': size=7488Kb used=1407Kb max_used=3113Kb free=6080Kb
 bounds [0x000001f00f7e0000, 0x000001f00faf0000, 0x000001f00ff30000]
 total_blobs=1074 nmethods=667 adapters=312
 compilation: enabled
              stopped_count=0, restarted_count=0
 full_count=0

Compilation events (20 events):
Event: 64.394 Thread 0x000001f07efdc860  692       3       java.util.concurrent.locks.AbstractQueuedSynchronizer$Node::<init> (5 bytes)
Event: 64.394 Thread 0x000001f07efdc860 nmethod 692 0x000001f0083b1210 code [0x000001f0083b13c0, 0x000001f0083b1528]
Event: 64.909 Thread 0x000001f07efdc860  693       3       java.lang.ref.ReferenceQueue::await (15 bytes)
Event: 64.909 Thread 0x000001f07efdc860 nmethod 693 0x000001f0083a9890 code [0x000001f0083a9a40, 0x000001f0083a9be8]
Event: 64.910 Thread 0x000001f07efdc860  694       3       java.util.concurrent.locks.AbstractQueuedSynchronizer$ConditionObject::await (207 bytes)
Event: 64.911 Thread 0x000001f07efdc860 nmethod 694 0x000001f0083b4290 code [0x000001f0083b45a0, 0x000001f0083b5540]
Event: 64.911 Thread 0x000001f07efdc860  695       3       java.util.concurrent.TimeUnit::toNanos (45 bytes)
Event: 64.911 Thread 0x000001f07efdc860 nmethod 695 0x000001f008410610 code [0x000001f0084107c0, 0x000001f008410a38]
Event: 64.911 Thread 0x000001f07efdc860  696   !   3       java.util.concurrent.locks.AbstractQueuedSynchronizer$ConditionObject::newConditionNode (78 bytes)
Event: 64.912 Thread 0x000001f07efdc860 nmethod 696 0x000001f0083cf990 code [0x000001f0083cfbe0, 0x000001f0083d0430]
Event: 64.912 Thread 0x000001f07efdc860  697   !   3       java.util.concurrent.locks.AbstractQueuedSynchronizer::tryInitializeHead (66 bytes)
Event: 64.912 Thread 0x000001f07efdc860 nmethod 697 0x000001f00841a990 code [0x000001f00841ab80, 0x000001f00841b180]
Event: 64.912 Thread 0x000001f07efdc860  698       3       java.util.concurrent.locks.AbstractQueuedSynchronizer$ConditionNode::<init> (5 bytes)
Event: 64.912 Thread 0x000001f07efdc860 nmethod 698 0x000001f0083cf510 code [0x000001f0083cf6c0, 0x000001f0083cf888]
Event: 64.912 Thread 0x000001f07efdc860  699       3       java.util.concurrent.locks.AbstractQueuedSynchronizer$ConditionObject::enableWait (84 bytes)
Event: 64.913 Thread 0x000001f07efdc860 nmethod 699 0x000001f00849ad90 code [0x000001f00849afc0, 0x000001f00849b788]
Event: 65.439 Thread 0x000001f07efdc860  700       3       jdk.internal.misc.Unsafe::putIntOpaque (9 bytes)
Event: 65.440 Thread 0x000001f07efdc860 nmethod 700 0x000001f0083a0510 code [0x000001f0083a06a0, 0x000001f0083a07b8]
Event: 65.440 Thread 0x000001f07efdc860  702       3       java.util.concurrent.locks.ReentrantLock$NonfairSync::tryAcquire (27 bytes)
Event: 65.441 Thread 0x000001f07efdc860 nmethod 702 0x000001f008390790 code [0x000001f008390960, 0x000001f008390c00]

GC Heap History (18 events):
Event: 0.200 GC heap before
{Heap before GC invocations=0 (full 0):
 garbage-first heap   total 1048576K, used 8192K [0x0000000404000000, 0x0000000800000000)
  region size 8192K, 2 young (16384K), 0 survivors (0K)
 Metaspace       used 1370K, committed 1472K, reserved 1114112K
  class space    used 125K, committed 192K, reserved 1048576K
}
Event: 0.208 GC heap after
{Heap after GC invocations=1 (full 1):
 garbage-first heap   total 57344K, used 1208K [0x0000000404000000, 0x0000000800000000)
  region size 8192K, 0 young (0K), 0 survivors (0K)
 Metaspace       used 1370K, committed 1472K, reserved 1114112K
  class space    used 125K, committed 192K, reserved 1048576K
}
Event: 5.359 GC heap before
{Heap before GC invocations=1 (full 1):
 garbage-first heap   total 57344K, used 1208K [0x0000000404000000, 0x0000000800000000)
  region size 8192K, 1 young (8192K), 0 survivors (0K)
 Metaspace       used 1548K, committed 1664K, reserved 1114112K
  class space    used 134K, committed 192K, reserved 1048576K
}
Event: 5.367 GC heap after
{Heap after GC invocations=2 (full 2):
 garbage-first heap   total 32768K, used 1632K [0x0000000404000000, 0x0000000800000000)
  region size 8192K, 0 young (0K), 0 survivors (0K)
 Metaspace       used 1548K, committed 1664K, reserved 1114112K
  class space    used 134K, committed 192K, reserved 1048576K
}
Event: 9.557 GC heap before
{Heap before GC invocations=2 (full 2):
 garbage-first heap   total 32768K, used 1632K [0x0000000404000000, 0x0000000800000000)
  region size 8192K, 1 young (8192K), 0 survivors (0K)
 Metaspace       used 1548K, committed 1664K, reserved 1114112K
  class space    used 134K, committed 192K, reserved 1048576K
}
Event: 9.568 GC heap after
{Heap after GC invocations=3 (full 3):
 garbage-first heap   total 32768K, used 1632K [0x0000000404000000, 0x0000000800000000)
  region size 8192K, 0 young (0K), 0 survivors (0K)
 Metaspace       used 1548K, committed 1664K, reserved 1114112K
  class space    used 134K, committed 192K, reserved 1048576K
}
Event: 10.218 GC heap before
{Heap before GC invocations=3 (full 3):
 garbage-first heap   total 32768K, used 1632K [0x0000000404000000, 0x0000000800000000)
  region size 8192K, 1 young (8192K), 0 survivors (0K)
 Metaspace       used 1548K, committed 1664K, reserved 1114112K
  class space    used 134K, committed 192K, reserved 1048576K
}
Event: 10.228 GC heap after
{Heap after GC invocations=4 (full 4):
 garbage-first heap   total 32768K, used 1632K [0x0000000404000000, 0x0000000800000000)
  region size 8192K, 0 young (0K), 0 survivors (0K)
 Metaspace       used 1548K, committed 1664K, reserved 1114112K
  class space    used 134K, committed 192K, reserved 1048576K
}
Event: 10.841 GC heap before
{Heap before GC invocations=4 (full 4):
 garbage-first heap   total 32768K, used 1632K [0x0000000404000000, 0x0000000800000000)
  region size 8192K, 1 young (8192K), 0 survivors (0K)
 Metaspace       used 1548K, committed 1664K, reserved 1114112K
  class space    used 134K, committed 192K, reserved 1048576K
}
Event: 10.847 GC heap after
{Heap after GC invocations=5 (full 5):
 garbage-first heap   total 32768K, used 1632K [0x0000000404000000, 0x0000000800000000)
  region size 8192K, 0 young (0K), 0 survivors (0K)
 Metaspace       used 1548K, committed 1664K, reserved 1114112K
  class space    used 134K, committed 192K, reserved 1048576K
}
Event: 11.600 GC heap before
{Heap before GC invocations=5 (full 5):
 garbage-first heap   total 32768K, used 1632K [0x0000000404000000, 0x0000000800000000)
  region size 8192K, 1 young (8192K), 0 survivors (0K)
 Metaspace       used 1548K, committed 1664K, reserved 1114112K
  class space    used 134K, committed 192K, reserved 1048576K
}
Event: 11.607 GC heap after
{Heap after GC invocations=6 (full 6):
 garbage-first heap   total 32768K, used 1632K [0x0000000404000000, 0x0000000800000000)
  region size 8192K, 0 young (0K), 0 survivors (0K)
 Metaspace       used 1548K, committed 1664K, reserved 1114112K
  class space    used 134K, committed 192K, reserved 1048576K
}
Event: 12.564 GC heap before
{Heap before GC invocations=6 (full 6):
 garbage-first heap   total 32768K, used 1632K [0x0000000404000000, 0x0000000800000000)
  region size 8192K, 1 young (8192K), 0 survivors (0K)
 Metaspace       used 1548K, committed 1664K, reserved 1114112K
  class space    used 134K, committed 192K, reserved 1048576K
}
Event: 12.586 GC heap after
{Heap after GC invocations=7 (full 7):
 garbage-first heap   total 32768K, used 1632K [0x0000000404000000, 0x0000000800000000)
  region size 8192K, 0 young (0K), 0 survivors (0K)
 Metaspace       used 1548K, committed 1664K, reserved 1114112K
  class space    used 134K, committed 192K, reserved 1048576K
}
Event: 15.103 GC heap before
{Heap before GC invocations=7 (full 7):
 garbage-first heap   total 32768K, used 1632K [0x0000000404000000, 0x0000000800000000)
  region size 8192K, 1 young (8192K), 0 survivors (0K)
 Metaspace       used 1548K, committed 1664K, reserved 1114112K
  class space    used 134K, committed 192K, reserved 1048576K
}
Event: 15.122 GC heap after
{Heap after GC invocations=8 (full 8):
 garbage-first heap   total 32768K, used 1632K [0x0000000404000000, 0x0000000800000000)
  region size 8192K, 0 young (0K), 0 survivors (0K)
 Metaspace       used 1548K, committed 1664K, reserved 1114112K
  class space    used 134K, committed 192K, reserved 1048576K
}
Event: 65.490 GC heap before
{Heap before GC invocations=8 (full 8):
 garbage-first heap   total 32768K, used 1632K [0x0000000404000000, 0x0000000800000000)
  region size 8192K, 1 young (8192K), 0 survivors (0K)
 Metaspace       used 1573K, committed 1664K, reserved 1114112K
  class space    used 134K, committed 192K, reserved 1048576K
}
Event: 65.500 GC heap after
{Heap after GC invocations=9 (full 9):
 garbage-first heap   total 32768K, used 1632K [0x0000000404000000, 0x0000000800000000)
  region size 8192K, 0 young (0K), 0 survivors (0K)
 Metaspace       used 1573K, committed 1664K, reserved 1114112K
  class space    used 134K, committed 192K, reserved 1048576K
}

Dll operation events (8 events):
Event: 0.013 Loaded shared library C:\Program Files\Java\jdk-21\bin\java.dll
Event: 0.066 Loaded shared library C:\Program Files\Java\jdk-21\bin\jsvml.dll
Event: 0.105 Loaded shared library C:\Program Files\Java\jdk-21\bin\zip.dll
Event: 0.109 Loaded shared library C:\Program Files\Java\jdk-21\bin\instrument.dll
Event: 0.113 Loaded shared library C:\Program Files\Java\jdk-21\bin\net.dll
Event: 0.114 Loaded shared library C:\Program Files\Java\jdk-21\bin\nio.dll
Event: 0.117 Loaded shared library C:\Program Files\Java\jdk-21\bin\zip.dll
Event: 0.143 Loaded shared library C:\Users\joseph\anaconda3\Lib\site-packages\_jpype.cp312-win_amd64.pyd

Deoptimization events (4 events):
Event: 0.168 Thread 0x000001f0767d0660 Uncommon trap: trap_request=0xffffff45 fr.pc=0x000001f00ff3eb98 relative=0x0000000000000ab8
Event: 0.168 Thread 0x000001f0767d0660 Uncommon trap: reason=unstable_if action=reinterpret pc=0x000001f00ff3eb98 method=java.util.HashMap.putVal(ILjava/lang/Object;Ljava/lang/Object;ZZ)Ljava/lang/Object; @ 181 c2
Event: 0.168 Thread 0x000001f0767d0660 DEOPT PACKING pc=0x000001f00ff3eb98 sp=0x00000078409ed760
Event: 0.168 Thread 0x000001f0767d0660 DEOPT UNPACKING pc=0x000001f00f837da2 sp=0x00000078409ed720 mode 2

Classes loaded (20 events):
Event: 0.288 Loading class java/lang/Character$UnicodeBlock
Event: 0.289 Loading class java/lang/Character$Subset
Event: 0.289 Loading class java/lang/Character$Subset done
Event: 0.290 Loading class java/lang/Character$UnicodeBlock done
Event: 0.291 Loading class java/lang/Character$UnicodeScript
Event: 0.291 Loading class java/lang/Character$UnicodeScript done
Event: 0.322 Loading class java/lang/Enum$EnumDesc
Event: 0.322 Loading class java/lang/Enum$EnumDesc done
Event: 0.322 Loading class java/io/ObjectStreamException
Event: 0.322 Loading class java/io/ObjectStreamException done
Event: 0.323 Loading class java/lang/constant/DirectMethodHandleDesc
Event: 0.323 Loading class java/lang/constant/DirectMethodHandleDesc done
Event: 0.324 Loading class java/lang/constant/DynamicConstantDesc$AnonymousDynamicConstantDesc
Event: 0.325 Loading class java/lang/constant/DynamicConstantDesc$AnonymousDynamicConstantDesc done
Event: 0.325 Loading class java/lang/constant/DynamicConstantDesc$CanonicalMapHolder
Event: 0.325 Loading class java/lang/constant/DynamicConstantDesc$CanonicalMapHolder done
Event: 0.328 Loading class java/lang/Short$ShortCache
Event: 0.328 Loading class java/lang/Short$ShortCache done
Event: 0.344 Loading class java/lang/ClassFormatError
Event: 0.344 Loading class java/lang/ClassFormatError done

Classes unloaded (0 events):
No events

Classes redefined (0 events):
No events

Internal exceptions (10 events):
Event: 0.121 Thread 0x000001f0767d0660 Exception <a 'java/lang/NoSuchMethodError'{0x0000000443e1f5f0}: 'void java.lang.invoke.DirectMethodHandle$Holder.invokeStatic(java.lang.Object, java.lang.Object, java.lang.Object)'> (0x0000000443e1f5f0) 
thrown [s\open\src\hotspot\share\interpreter\linkResolver.cpp, line 773]
Event: 0.125 Thread 0x000001f0767d0660 Exception <a 'java/lang/NoSuchMethodError'{0x0000000443e36af8}: 'java.lang.Object java.lang.invoke.Invokers$Holder.invokeExact_MT(java.lang.Object, java.lang.Object, java.lang.Object, java.lang.Object, java.lang.Object)'> (0x0000000443e36af8) 
thrown [s\open\src\hotspot\share\interpreter\linkResolver.cpp, line 773]
Event: 0.146 Thread 0x000001f0767d0660 Exception <a 'java/lang/NoSuchMethodError'{0x0000000443ea3468}: 'int java.lang.invoke.DirectMethodHandle$Holder.invokeStaticInit(java.lang.Object, java.lang.Object)'> (0x0000000443ea3468) 
thrown [s\open\src\hotspot\share\interpreter\linkResolver.cpp, line 773]
Event: 0.147 Thread 0x000001f0767d0660 Exception <a 'java/lang/NoSuchMethodError'{0x0000000443ea92b8}: 'java.lang.Object java.lang.invoke.DirectMethodHandle$Holder.invokeStaticInit(java.lang.Object, int)'> (0x0000000443ea92b8) 
thrown [s\open\src\hotspot\share\interpreter\linkResolver.cpp, line 773]
Event: 0.148 Thread 0x000001f0767d0660 Exception <a 'java/lang/NoSuchMethodError'{0x0000000443eb3508}: 'int java.lang.invoke.DirectMethodHandle$Holder.invokeSpecial(java.lang.Object, java.lang.Object, java.lang.Object)'> (0x0000000443eb3508) 
thrown [s\open\src\hotspot\share\interpreter\linkResolver.cpp, line 773]
Event: 0.150 Thread 0x000001f0767d0660 Exception <a 'java/lang/NoSuchMethodError'{0x0000000443fb8468}: 'java.lang.Object java.lang.invoke.DirectMethodHandle$Holder.invokeStatic(java.lang.Object, java.lang.Object, int)'> (0x0000000443fb8468) 
thrown [s\open\src\hotspot\share\interpreter\linkResolver.cpp, line 773]
Event: 0.151 Thread 0x000001f0767d0660 Exception <a 'java/lang/NoSuchMethodError'{0x0000000443fc37b0}: 'void java.lang.invoke.DelegatingMethodHandle$Holder.delegate(java.lang.Object, java.lang.Object, int, java.lang.Object)'> (0x0000000443fc37b0) 
thrown [s\open\src\hotspot\share\interpreter\linkResolver.cpp, line 773]
Event: 0.167 Thread 0x000001f0767d0660 Exception <a 'java/lang/NoSuchMethodError'{0x0000000443055ca0}: 'java.lang.Object java.lang.invoke.DirectMethodHandle$Holder.invokeInterface(java.lang.Object, java.lang.Object)'> (0x0000000443055ca0) 
thrown [s\open\src\hotspot\share\interpreter\linkResolver.cpp, line 773]
Event: 0.167 Thread 0x000001f0767d0660 Exception <a 'java/lang/IncompatibleClassChangeError'{0x0000000443058f08}: Found class java.lang.Object, but interface was expected> (0x0000000443058f08) 
thrown [s\open\src\hotspot\share\interpreter\linkResolver.cpp, line 840]
Event: 0.192 Thread 0x000001f0767d0660 Exception <a 'java/lang/NoSuchMethodError'{0x0000000443244c10}: method resolution failed> (0x0000000443244c10) 
thrown [s\open\src\hotspot\share\prims\methodHandles.cpp, line 1144]

ZGC Phase Switch (0 events):
No events

VM Operations (20 events):
Event: 5.359 Executing VM operation: G1CollectFull (System.gc())
Event: 5.367 Executing VM operation: G1CollectFull (System.gc()) done
Event: 9.557 Executing VM operation: G1CollectFull (System.gc())
Event: 9.568 Executing VM operation: G1CollectFull (System.gc()) done
Event: 10.218 Executing VM operation: G1CollectFull (System.gc())
Event: 10.228 Executing VM operation: G1CollectFull (System.gc()) done
Event: 10.841 Executing VM operation: G1CollectFull (System.gc())
Event: 10.847 Executing VM operation: G1CollectFull (System.gc()) done
Event: 11.600 Executing VM operation: G1CollectFull (System.gc())
Event: 11.607 Executing VM operation: G1CollectFull (System.gc()) done
Event: 12.564 Executing VM operation: G1CollectFull (System.gc())
Event: 12.586 Executing VM operation: G1CollectFull (System.gc()) done
Event: 15.103 Executing VM operation: G1CollectFull (System.gc())
Event: 15.122 Executing VM operation: G1CollectFull (System.gc()) done
Event: 57.502 Executing VM operation: Cleanup
Event: 57.502 Executing VM operation: Cleanup done
Event: 60.527 Executing VM operation: Cleanup
Event: 60.527 Executing VM operation: Cleanup done
Event: 65.490 Executing VM operation: G1CollectFull (System.gc())
Event: 65.501 Executing VM operation: G1CollectFull (System.gc()) done

Events (20 events):
Event: 5.362 Thread 0x000001f076e465b0 flushing nmethod 0x000001f00839b790
Event: 5.362 Thread 0x000001f076e465b0 flushing nmethod 0x000001f008399690
Event: 5.362 Thread 0x000001f076e465b0 flushing nmethod 0x000001f008398e90
Event: 5.363 Thread 0x000001f076e465b0 flushing nmethod 0x000001f008398710
Event: 5.363 Thread 0x000001f076e465b0 flushing nmethod 0x000001f008397d90
Event: 5.363 Thread 0x000001f076e465b0 flushing nmethod 0x000001f008395710
Event: 5.363 Thread 0x000001f076e465b0 flushing nmethod 0x000001f008392d90
Event: 5.363 Thread 0x000001f076e465b0 flushing nmethod 0x000001f008391d90
Event: 5.363 Thread 0x000001f076e465b0 flushing nmethod 0x000001f008391110
Event: 5.363 Thread 0x000001f076e465b0 flushing nmethod 0x000001f008390790
Event: 5.363 Thread 0x000001f076e465b0 flushing nmethod 0x000001f008390010
Event: 5.363 Thread 0x000001f076e465b0 flushing nmethod 0x000001f00ff3de90
Event: 6.748 Thread 0x000001f07efdf810 Thread exited: 0x000001f07efdf810
Event: 6.748 Thread 0x000001f07efdf140 Thread exited: 0x000001f07efdf140
Event: 9.562 Thread 0x000001f076e465b0 flushing nmethod 0x000001f008430810
Event: 9.562 Thread 0x000001f076e465b0 flushing nmethod 0x000001f00841a990
Event: 9.562 Thread 0x000001f076e465b0 flushing nmethod 0x000001f008411610
Event: 9.562 Thread 0x000001f076e465b0 flushing nmethod 0x000001f0083b9e10
Event: 9.562 Thread 0x000001f076e465b0 flushing nmethod 0x000001f0083a6210
Event: 11.752 Thread 0x000001f07efdad20 Thread exited: 0x000001f07efdad20


Dynamic libraries:
0x00007ff69fab0000 - 0x00007ff69facb000 	C:\Users\joseph\Anaconda3\python.exe
0x00007ffbbc650000 - 0x00007ffbbc848000 	C:\Windows\SYSTEM32\ntdll.dll
0x00007ffbbb350000 - 0x00007ffbbb412000 	C:\Windows\System32\KERNEL32.DLL
0x00007ffbba020000 - 0x00007ffbba31e000 	C:\Windows\System32\KERNELBASE.dll
0x00007ffbba320000 - 0x00007ffbba420000 	C:\Windows\System32\ucrtbase.dll
0x00007ffb25660000 - 0x00007ffb2567e000 	C:\Users\joseph\Anaconda3\VCRUNTIME140.dll
0x00007ffb0e350000 - 0x00007ffb0ea79000 	C:\Users\joseph\Anaconda3\python312.dll
0x00007ffbbb420000 - 0x00007ffbbb48b000 	C:\Windows\System32\WS2_32.dll
0x00007ffbbb690000 - 0x00007ffbbb7b3000 	C:\Windows\System32\RPCRT4.dll
0x00007ffbb4cb0000 - 0x00007ffbb4cba000 	C:\Windows\SYSTEM32\VERSION.dll
0x00007ffbba640000 - 0x00007ffbba667000 	C:\Windows\System32\bcrypt.dll
0x00007ffbbafe0000 - 0x00007ffbbb07e000 	C:\Windows\System32\msvcrt.dll
0x00007ffbbb570000 - 0x00007ffbbb621000 	C:\Windows\System32\ADVAPI32.dll
0x00007ffbbc0e0000 - 0x00007ffbbc17f000 	C:\Windows\System32\sechost.dll
0x00007ffb821b0000 - 0x00007ffb821ca000 	C:\Users\joseph\Anaconda3\zlib.dll
0x00007ffbb9e40000 - 0x00007ffbb9ec2000 	C:\Windows\System32\bcryptprimitives.dll
0x000001f050f50000 - 0x000001f050f5f000 	C:\Users\joseph\Anaconda3\python3.DLL
0x00007ffb86080000 - 0x00007ffb8608b000 	C:\Users\joseph\Anaconda3\DLLs\_bz2.pyd
0x00007ffb650e0000 - 0x00007ffb650f5000 	C:\Users\joseph\Anaconda3\Library\bin\LIBBZ2.dll
0x00007ffb86070000 - 0x00007ffb8607d000 	C:\Users\joseph\Anaconda3\DLLs\_lzma.pyd
0x00007ffb650a0000 - 0x00007ffb650d2000 	C:\Users\joseph\Anaconda3\Library\bin\liblzma.dll
0x00007ffb48bc0000 - 0x00007ffb48e99000 	C:\Users\joseph\Anaconda3\Lib\site-packages\numpy\core\_multiarray_umath.cp312-win_amd64.pyd
0x00007ffaf1490000 - 0x00007ffaf3546000 	C:\Users\joseph\Anaconda3\Lib\site-packages\numpy.libs\libopenblas64__v0.3.23-293-gc2f4bdbb-gcc_10_3_0-2bde3a66a51006b2b53eb373ff767a3f.dll
0x00007ffba4c50000 - 0x00007ffba4c64000 	C:\Users\joseph\Anaconda3\Lib\site-packages\numpy\core\_multiarray_tests.cp312-win_amd64.pyd
0x00007ffb86090000 - 0x00007ffb860b2000 	C:\Users\joseph\Anaconda3\DLLs\_ctypes.pyd
0x00007ffbbc4e0000 - 0x00007ffbbc60b000 	C:\Windows\System32\ole32.dll
0x00007ffbbc180000 - 0x00007ffbbc4d3000 	C:\Windows\System32\combase.dll
0x00007ffbbb540000 - 0x00007ffbbb56b000 	C:\Windows\System32\GDI32.dll
0x00007ffbb9cf0000 - 0x00007ffbb9d12000 	C:\Windows\System32\win32u.dll
0x00007ffbb9d20000 - 0x00007ffbb9e37000 	C:\Windows\System32\gdi32full.dll
0x00007ffbb9ed0000 - 0x00007ffbb9f6d000 	C:\Windows\System32\msvcp_win.dll
0x00007ffbbae20000 - 0x00007ffbbafbd000 	C:\Windows\System32\USER32.dll
0x00007ffb87610000 - 0x00007ffb8761c000 	C:\Users\joseph\Anaconda3\Library\bin\ffi.dll
0x00007ffbbb0d0000 - 0x00007ffbbb19d000 	C:\Windows\System32\OLEAUT32.dll
0x00007ffbbb0a0000 - 0x00007ffbbb0cf000 	C:\Windows\System32\IMM32.DLL
0x00007ffba4bf0000 - 0x00007ffba4c0d000 	C:\Users\joseph\Anaconda3\Lib\site-packages\numpy\linalg\_umath_linalg.cp312-win_amd64.pyd
0x00007ffb9b720000 - 0x00007ffb9b72a000 	C:\Users\joseph\Anaconda3\DLLs\_wmi.pyd
0x00007ffbb71b0000 - 0x00007ffbb72a6000 	C:\Windows\SYSTEM32\PROPSYS.dll
0x00007ffb9aa60000 - 0x00007ffb9aa7e000 	C:\Users\joseph\Anaconda3\Lib\site-packages\numpy\fft\_pocketfft_internal.cp312-win_amd64.pyd
0x00007ffb51600000 - 0x00007ffb51694000 	C:\Users\joseph\Anaconda3\Lib\site-packages\numpy\random\mtrand.cp312-win_amd64.pyd
0x00007ffb9aa10000 - 0x00007ffb9aa3b000 	C:\Users\joseph\Anaconda3\Lib\site-packages\numpy\random\bit_generator.cp312-win_amd64.pyd
0x00007ffb57720000 - 0x00007ffb5774d000 	C:\Users\joseph\Anaconda3\Lib\site-packages\numpy\random\_common.cp312-win_amd64.pyd
0x00007ffbb6d40000 - 0x00007ffbb6d50000 	C:\Users\joseph\Anaconda3\DLLs\_hashlib.pyd
0x00007ffb250d0000 - 0x00007ffb255e1000 	C:\Users\joseph\Anaconda3\Library\bin\libcrypto-3-x64.dll
0x00007ffbba4e0000 - 0x00007ffbba63c000 	C:\Windows\System32\CRYPT32.dll
0x00007ffb55900000 - 0x00007ffb5593d000 	C:\Users\joseph\Anaconda3\Lib\site-packages\numpy\random\_bounded_integers.cp312-win_amd64.pyd
0x00007ffb9a9f0000 - 0x00007ffb9aa06000 	C:\Users\joseph\Anaconda3\Lib\site-packages\numpy\random\_mt19937.cp312-win_amd64.pyd
0x00007ffb7a0d0000 - 0x00007ffb7a0e5000 	C:\Users\joseph\Anaconda3\Lib\site-packages\numpy\random\_philox.cp312-win_amd64.pyd
0x00007ffb57700000 - 0x00007ffb57718000 	C:\Users\joseph\Anaconda3\Lib\site-packages\numpy\random\_pcg64.cp312-win_amd64.pyd
0x00007ffba4c20000 - 0x00007ffba4c30000 	C:\Users\joseph\Anaconda3\Lib\site-packages\numpy\random\_sfc64.cp312-win_amd64.pyd
0x00007ffb51550000 - 0x00007ffb515fd000 	C:\Users\joseph\Anaconda3\Lib\site-packages\numpy\random\_generator.cp312-win_amd64.pyd
0x00007ffb558d0000 - 0x00007ffb558f3000 	C:\Users\joseph\Anaconda3\Lib\site-packages\matplotlib\_c_internal_utils.cp312-win_amd64.pyd
0x00007ffbbb8e0000 - 0x00007ffbbc04d000 	C:\Windows\System32\SHELL32.dll
0x00007ffb514c0000 - 0x00007ffb5154d000 	C:\Users\joseph\Anaconda3\MSVCP140.dll
0x00007ffb9a950000 - 0x00007ffb9a95c000 	C:\Users\joseph\Anaconda3\VCRUNTIME140_1.dll
0x00007ffb558b0000 - 0x00007ffb558c2000 	C:\Users\joseph\Anaconda3\DLLs\pyexpat.pyd
0x00007ffb512a0000 - 0x00007ffb51309000 	C:\Users\joseph\Anaconda3\Library\bin\libexpat.dll
0x00007ffb547b0000 - 0x00007ffb547c4000 	C:\Users\joseph\Anaconda3\DLLs\_elementtree.pyd
0x00007ffb1fed0000 - 0x00007ffb1ff74000 	C:\Users\joseph\Anaconda3\Lib\site-packages\PIL\_imaging.cp312-win_amd64.pyd
0x00007ffb51240000 - 0x00007ffb5129b000 	C:\Users\joseph\Anaconda3\Library\bin\openjp2.dll
0x00007ffb1fe10000 - 0x00007ffb1fec2000 	C:\Users\joseph\Anaconda3\Library\bin\tiff.dll
0x00007ffb48b50000 - 0x00007ffb48bb3000 	C:\Users\joseph\Anaconda3\Library\bin\Lerc.dll
0x00007ffb15b00000 - 0x00007ffb15ba4000 	C:\Users\joseph\Anaconda3\Library\bin\zstd.dll
0x00007ffb51490000 - 0x00007ffb514bc000 	C:\Users\joseph\Anaconda3\Library\bin\deflate.dll
0x00007ffb24980000 - 0x00007ffb249ca000 	C:\Users\joseph\Anaconda3\Lib\site-packages\matplotlib\_path.cp312-win_amd64.pyd
0x00007ffb54790000 - 0x00007ffb547af000 	C:\Users\joseph\Anaconda3\Lib\site-packages\matplotlib\ft2font.cp312-win_amd64.pyd
0x00007ffb15670000 - 0x00007ffb15712000 	C:\Users\joseph\Anaconda3\Library\bin\freetype.dll
0x00007ffb423d0000 - 0x00007ffb42404000 	C:\Users\joseph\Anaconda3\Library\bin\libpng16.dll
0x00007ffb51210000 - 0x00007ffb51232000 	C:\Users\joseph\Anaconda3\Lib\site-packages\kiwisolver\_cext.cp312-win_amd64.pyd
0x00007ffb65080000 - 0x00007ffb65096000 	C:\Users\joseph\Anaconda3\DLLs\_socket.pyd
0x00007ffbb9110000 - 0x00007ffbb914b000 	C:\Windows\SYSTEM32\IPHLPAPI.DLL
0x00007ffb85770000 - 0x00007ffb85779000 	C:\Users\joseph\Anaconda3\DLLs\select.pyd
0x00007ffb24be0000 - 0x00007ffb24be7000 	C:\Users\joseph\Anaconda3\DLLs\_uuid.pyd
0x00007ffb15550000 - 0x00007ffb15667000 	C:\Users\joseph\Anaconda3\DLLs\unicodedata.pyd
0x00007ffb1e2d0000 - 0x00007ffb1e326000 	C:\Users\joseph\Anaconda3\Lib\site-packages\matplotlib\_image.cp312-win_amd64.pyd
0x00007ffb248e0000 - 0x00007ffb2492b000 	C:\Users\joseph\Anaconda3\DLLs\_decimal.pyd
0x00007ffb14c70000 - 0x00007ffb14f89000 	C:\Users\joseph\Anaconda3\Lib\site-packages\pyarrow\lib.cp312-win_amd64.pyd
0x00007ffb15410000 - 0x00007ffb1554e000 	C:\Users\joseph\Anaconda3\Lib\site-packages\pyarrow\arrow_python.dll
0x00007ffaf59a0000 - 0x00007ffaf6ac9000 	C:\Users\joseph\Anaconda3\Library\bin\arrow.dll
0x00007ffb152e0000 - 0x00007ffb1540d000 	C:\Users\joseph\Anaconda3\Library\bin\re2.dll
0x00007ffb15aa0000 - 0x00007ffb15af8000 	C:\Users\joseph\Anaconda3\Library\bin\utf8proc.dll
0x00007ffb431e0000 - 0x00007ffb4320e000 	C:\Users\joseph\Anaconda3\Library\bin\aws-cpp-sdk-identity-management.dll
0x00007ffb0fde0000 - 0x00007ffb10043000 	C:\Users\joseph\Anaconda3\Library\bin\aws-cpp-sdk-s3.dll
0x00007ffb10b00000 - 0x00007ffb10b56000 	C:\Users\joseph\Anaconda3\Library\bin\aws-crt-cpp.dll
0x00007ffb109a0000 - 0x00007ffb10afd000 	C:\Users\joseph\Anaconda3\Library\bin\aws-cpp-sdk-core.dll
0x00007ffb0f130000 - 0x00007ffb0f43b000 	C:\Users\joseph\Anaconda3\Library\bin\orc.dll
0x00007ffb0c830000 - 0x00007ffb0cb25000 	C:\Users\joseph\Anaconda3\Library\bin\brotlienc.dll
0x00007ffb91330000 - 0x00007ffb91340000 	C:\Users\joseph\Anaconda3\Library\bin\brotlidec.dll
0x00007ffb305a0000 - 0x00007ffb305c1000 	C:\Users\joseph\Anaconda3\Library\bin\liblz4.dll
0x00007ffb10820000 - 0x00007ffb108a0000 	C:\Users\joseph\Anaconda3\Library\bin\aws-cpp-sdk-cognito-identity.dll
0x00007ffb1cd30000 - 0x00007ffb1cd78000 	C:\Users\joseph\Anaconda3\Library\bin\aws-cpp-sdk-sts.dll
0x00007ffb27eb0000 - 0x00007ffb27ecb000 	C:\Users\joseph\Anaconda3\Library\bin\aws-c-mqtt.dll
0x00007ffb27e90000 - 0x00007ffb27eb0000 	C:\Users\joseph\Anaconda3\Library\bin\aws-c-s3.dll
0x00007ffb25640000 - 0x00007ffb25658000 	C:\Users\joseph\Anaconda3\Library\bin\aws-c-event-stream.dll
0x00007ffb24f00000 - 0x00007ffb24f2c000 	C:\Users\joseph\Anaconda3\Library\bin\aws-c-auth.dll
0x00007ffb10950000 - 0x00007ffb10993000 	C:\Users\joseph\Anaconda3\Library\bin\aws-c-io.dll
0x00007ffb107c0000 - 0x00007ffb10813000 	C:\Users\joseph\Anaconda3\Library\bin\aws-c-http.dll
0x00007ffb23480000 - 0x00007ffb23498000 	C:\Users\joseph\Anaconda3\Library\bin\aws-c-sdkutils.dll
0x00007ffb231f0000 - 0x00007ffb23223000 	C:\Users\joseph\Anaconda3\Library\bin\aws-c-common.dll
0x00007ffb8dee0000 - 0x00007ffb8deed000 	C:\Users\joseph\Anaconda3\Library\bin\aws-c-cal.dll
0x00007ffbbb630000 - 0x00007ffbbb685000 	C:\Windows\System32\SHLWAPI.dll
0x00007ffbb9ba0000 - 0x00007ffbb9bce000 	C:\Windows\SYSTEM32\USERENV.dll
0x00007ffb0fd40000 - 0x00007ffb0fdda000 	C:\Users\joseph\Anaconda3\Library\bin\libcurl.dll
0x00007ffbbaae0000 - 0x00007ffbbab3e000 	C:\Windows\System32\WLDAP32.dll
0x00007ffb8d250000 - 0x00007ffb8d260000 	C:\Users\joseph\Anaconda3\Library\bin\aws-checksums.dll
0x00007ffaf4750000 - 0x00007ffaf5229000 	C:\Users\joseph\Anaconda3\Library\bin\libprotobuf.dll
0x00007ffb0c660000 - 0x00007ffb0c82a000 	C:\Users\joseph\Anaconda3\Library\bin\abseil_dll.dll
0x00007ffb23460000 - 0x00007ffb23478000 	C:\Users\joseph\Anaconda3\Library\bin\snappy.dll
0x00007ffb1fde0000 - 0x00007ffb1fe07000 	C:\Users\joseph\Anaconda3\Library\bin\brotlicommon.dll
0x00007ffb8d210000 - 0x00007ffb8d219000 	C:\Users\joseph\Anaconda3\Library\bin\aws-c-compression.dll
0x00007ffb9de10000 - 0x00007ffb9de1c000 	C:\Windows\SYSTEM32\Secur32.dll
0x00007ffbb9790000 - 0x00007ffbb97b7000 	C:\Windows\SYSTEM32\ncrypt.dll
0x00007ffbb7a50000 - 0x00007ffbb7c34000 	C:\Windows\SYSTEM32\dbghelp.dll
0x00007ffb15a60000 - 0x00007ffb15aa0000 	C:\Users\joseph\Anaconda3\Library\bin\libssh2.dll
0x00007ffbb9bd0000 - 0x00007ffbb9c02000 	C:\Windows\SYSTEM32\SSPICLI.DLL
0x00007ffbb9750000 - 0x00007ffbb978b000 	C:\Windows\SYSTEM32\NTASN1.dll
0x00007ffb78490000 - 0x00007ffb78499000 	C:\Users\joseph\Anaconda3\DLLs\_queue.pyd
0x00007ffb87620000 - 0x00007ffb8762b000 	C:\Users\joseph\Anaconda3\Lib\site-packages\pandas\_libs\pandas_parser.cp312-win_amd64.pyd
0x00007ffb865a0000 - 0x00007ffb865ab000 	C:\Users\joseph\Anaconda3\Lib\site-packages\pandas\_libs\pandas_datetime.cp312-win_amd64.pyd
0x00007ffb0fc20000 - 0x00007ffb0fd32000 	C:\Users\joseph\Anaconda3\Lib\site-packages\pandas\_libs\interval.cp312-win_amd64.pyd
0x00007ffb0c490000 - 0x00007ffb0c651000 	C:\Users\joseph\Anaconda3\Lib\site-packages\pandas\_libs\hashtable.cp312-win_amd64.pyd
0x00007ffb1cbd0000 - 0x00007ffb1cbfc000 	C:\Users\joseph\Anaconda3\Lib\site-packages\pandas\_libs\missing.cp312-win_amd64.pyd
0x00007ffb10790000 - 0x00007ffb107bd000 	C:\Users\joseph\Anaconda3\Lib\site-packages\pandas\_libs\tslibs\dtypes.cp312-win_amd64.pyd
0x00007ffb1f130000 - 0x00007ffb1f145000 	C:\Users\joseph\Anaconda3\Lib\site-packages\pandas\_libs\tslibs\ccalendar.cp312-win_amd64.pyd
0x00007ffb10930000 - 0x00007ffb10950000 	C:\Users\joseph\Anaconda3\Lib\site-packages\pandas\_libs\tslibs\np_datetime.cp312-win_amd64.pyd
0x00007ffb10750000 - 0x00007ffb1078c000 	C:\Users\joseph\Anaconda3\Lib\site-packages\pandas\_libs\tslibs\conversion.cp312-win_amd64.pyd
0x00007ffb0fc00000 - 0x00007ffb0fc11000 	C:\Users\joseph\Anaconda3\Lib\site-packages\pandas\_libs\tslibs\base.cp312-win_amd64.pyd
0x00007ffb0f8d0000 - 0x00007ffb0f9ad000 	C:\Users\joseph\Anaconda3\Lib\site-packages\pandas\_libs\tslibs\offsets.cp312-win_amd64.pyd

dbghelp: loaded successfully - version: 4.0.5 - missing functions: none
symbol engine: initialized successfully - sym options: 0x614 - pdb path: .;C:\Users\joseph\Anaconda3;C:\Windows\SYSTEM32;C:\Users\joseph\Anaconda3\DLLs;C:\Users\joseph\Anaconda3\Library\bin;C:\Users\joseph\Anaconda3\Lib\site-packages\numpy\core;C:\Users\joseph\Anaconda3\Lib\site-packages\numpy.libs;C:\Users\joseph\Anaconda3\Lib\site-packages\numpy\linalg;C:\Users\joseph\Anaconda3\Lib\site-packages\numpy\fft;C:\Users\joseph\Anaconda3\Lib\site-packages\numpy\random;C:\Users\joseph\Anaconda3\Lib\site-packages\matplotlib;C:\Users\joseph\Anaconda3\Lib\site-packages\PIL;C:\Users\joseph\Anaconda3\Lib\site-packages\kiwisolver;C:\Users\joseph\Anaconda3\Lib\site-packages\pyarrow;C:\Users\joseph\Anaconda3\Lib\site-packages\pandas\_libs;C:\Users\joseph\Anaconda3\Lib\site-packages\pandas\_libs\tslibs;C:\Users\joseph\Anaconda3\Lib\site-packages\numexpr;C:\Users\joseph\Anaconda3\Lib\site-packages\bottleneck;C:\Users\joseph\Anaconda3\Lib\site-packages\pandas\_libs\window;C:\Users\joseph\Anaconda3\Lib\site-packages\google\_upb;C:\Users\joseph\Anaconda3\Lib\site-packages\ortools\sat\python;C:\Users\joseph\Anaconda3\Lib\site-packages\ortools\util\python;C:\Users\joseph\Anaconda3\Lib\site-packages\win32;C:\Users\joseph\Anaconda3\Lib\site-packages\scipy\_lib;C:\Users\joseph\Anaconda3\Lib\site-packages\scipy\sparse;C:\Users\joseph\Anaconda3\Lib\site-packages\scipy\linalg;C:\Users\joseph\Anaconda3\Lib\site-packages\scipy\sparse\linalg\_dsolve;C:\Users\joseph\Anaconda3\Lib\site-packages\scipy\sparse\linalg\_eigen\arpack;C:\Users\joseph\Anaconda3\Lib\site-packages\scipy\sparse\linalg\_propack;C:\Users\joseph\Anaconda3\Lib\site-packages\scipy\sparse\csgraph;C:\Users\joseph\Anaconda3\Lib\site-packages\scipy\spatial;C:\Users\joseph\Anaconda3\Lib\site-packages\scipy\special;C:\Users\joseph\Anaconda3\Lib\site-packages\scipy\spatial\transform;C:\Users\joseph\Anaconda3\Lib\site-packages\scipy\ndimage;C:\Users\joseph\Anaconda3\Lib\site-packages\scipy\optimize;C:\Users\joseph\Anaconda3\Lib\site-packages\scipy\optimize\_trlib;C:\Users\joseph\Anaconda3\Lib\site-packages\scipy\optimize\_lsq;C:\Users\joseph\Anaconda3\Lib\site-packages\scipy\optimize\_highs;C:\Users\joseph\Anaconda3\Lib\site-packages\scipy\integrate;C:\Users\joseph\Anaconda3\Lib\site-packages\scipy\stats;C:\Users\joseph\Anaconda3\Lib\site-packages\scipy\stats\_boost;C:\Users\joseph\Anaconda3\Lib\site-packages\scipy\interpolate;C:\Users\joseph\Anaconda3\Lib\site-packages\scipy\stats\_levy_stable;C:\Users\joseph\Anaconda3\Lib\site-packages\scipy\_lib\_uarray;C:\Users\joseph\Anaconda3\Lib\site-packages\scipy\fft\_pocketfft;C:\Users\joseph\Anaconda3\Lib\site-packages\scipy\stats\_rcont;C:\Users\joseph\Anaconda3\Lib\site-packages\scipy\stats\_unuran;C:\Windows\system32\wbem;C:\ProgramData\Microsoft\Windows Defender\Platform\4.18.24090.11-0;C:\Users\joseph\Anaconda3\Lib\site-packages\scipy\cluster;C:\Users\joseph\Anaconda3\Lib\site-packages\zmq\backend\cython;C:\Users\joseph\Anaconda3\Lib\site-packages\tornado;C:\Users\joseph\Anaconda3\Lib\site-packages\psutil;C:\Windows\WinSxS\amd64_microsoft.windows.common-controls_6595b64144ccf1df_6.0.19041.4355_none_60b8b9eb71f62e16;C:\Users\joseph\Anaconda3\Lib\site-packages;C:\Users\joseph\anaconda3\Lib\site-packages\z3\lib;C:\Program Files\Java\jdk-21\bin\server;C:\Program Files\Java\jdk-21\bin;C:\Program Files\Common Files\microsoft shared\ink;C:\Windows\Microsoft.NET\Framework64\v4.0.30319;C:\Windows\assembly\NativeImages_v4.0.30319_64\mscorlib\9a860ac99a94a0422dc04d0dd9b0e341;C:\Windows\assembly\NativeImages_v4.0.30319_64\System\acc30bc70b54b35ac1a841482f4edefb;C:\Windows\assembly\NativeImages_v4.0.30319_64\System.Drawing\24992d138f0824e5145c32451e60cd32;C:\Windows\System32\DriverStore\FileRepository\iastorpinningcomponent.inf_amd64_d51acc8493d6b911;C:\Windows\assembly\NativeImages_v4.0.30319_64\System.Core\8317b176b936b882dcfbf4f45fcfbbec;C:\Windows\assembly\NativeImages_v4.0.30319_64\System.Compba577418#\d013e7d96165d5ba69eca905226e9996;C:\Users\joseph\Anaconda3\Lib\site-packages\matplotlib\backends

VM Arguments:
jvm_args: -javaagent:C:\Users\joseph\Anaconda3\Lib\site-packages\org.jpype.jar 
java_command: <unknown>
java_class_path (initial): C:\Users\joseph\Desktop\Everything\Nottingham University Malaysia\Year 3\Symbolic Artificial Intelligence\Coursework 2\code\assets\sat4j-pb.jar
Launcher Type: generic

[Global flags]
     intx CICompilerCount                          = 12                                        {product} {ergonomic}
     uint ConcGCThreads                            = 3                                         {product} {ergonomic}
     uint G1ConcRefinementThreads                  = 13                                        {product} {ergonomic}
   size_t G1HeapRegionSize                         = 8388608                                   {product} {ergonomic}
    uintx GCDrainStackTargetSize                   = 64                                        {product} {ergonomic}
   size_t InitialHeapSize                          = 1073741824                                {product} {ergonomic}
   size_t MarkStackSize                            = 4194304                                   {product} {ergonomic}
   size_t MaxHeapSize                              = 17112760320                               {product} {ergonomic}
   size_t MaxNewSize                               = 10267656192                               {product} {ergonomic}
   size_t MinHeapDeltaBytes                        = 8388608                                   {product} {ergonomic}
   size_t MinHeapSize                              = 8388608                                   {product} {ergonomic}
    uintx NonNMethodCodeHeapSize                   = 7602480                                {pd product} {ergonomic}
    uintx NonProfiledCodeHeapSize                  = 122027880                              {pd product} {ergonomic}
    uintx ProfiledCodeHeapSize                     = 122027880                              {pd product} {ergonomic}
    uintx ReservedCodeCacheSize                    = 251658240                              {pd product} {ergonomic}
     bool SegmentedCodeCache                       = true                                      {product} {ergonomic}
   size_t SoftMaxHeapSize                          = 17112760320                            {manageable} {ergonomic}
     bool UseCompressedOops                        = true                           {product lp64_product} {ergonomic}
     bool UseG1GC                                  = true                                      {product} {ergonomic}
     bool UseLargePagesIndividualAllocation        = false                                  {pd product} {ergonomic}

Logging:
Log output configuration:
 #0: stdout all=warning uptime,level,tags foldmultilines=false
 #1: stderr all=off uptime,level,tags foldmultilines=false

Environment Variables:
JAVA_HOME=C:\Program Files\Java\jdk-21
PATH=C:\Users\joseph\Anaconda3;C:\Users\joseph\Anaconda3\Library\mingw-w64\bin;C:\Users\joseph\Anaconda3\Library\usr\bin;C:\Users\joseph\Anaconda3\Library\bin;C:\Users\joseph\Anaconda3\Scripts;C:\Users\joseph\Anaconda3\bin;C:\Users\joseph\Anaconda3\condabin;C:\Users\joseph\Anaconda3\Scripts;C:\Users\joseph\Anaconda3;C:\Users\joseph\Anaconda3\Library\bin;C:\Users\joseph\Anaconda3\Scripts;C:\Users\joseph\Anaconda3;C:\Users\joseph\Anaconda3\Library\bin;C:\Users\joseph\bin;C:\Program Files\Git\mingw64\bin;C:\Program Files\Git\usr\local\bin;C:\Program Files\Git\usr\bin;C:\Program Files\Git\usr\bin;C:\Program Files\Git\mingw64\bin;C:\Program Files\Git\usr\bin;C:\Users\joseph\bin;C:\Program Files\NVIDIA GPU Computing Toolkit\CUDA\v12.4\bin;C:\Program Files\NVIDIA GPU Computing Toolkit\CUDA\v12.4\libnvvp;C:\Program Files\Common Files\Oracle\Java\javapath;C:\Users\joseph\AppData\Local\Programs\cursor\resources\app\bin;C:\Users\joseph\AppData\Local\Programs\cursor\resources\app\bin;C:\Program Files (x86)\VMware\VMware Player\bin;C:\Windows\system32;C:\Windows;C:\Windows\System32\Wbem;C:\Windows\System32\WindowsPowerShell\v1.0;C:\Windows\System32\OpenSSH;C:\Program Files (x86)\Microsoft SQL Server\160\Tools\Binn;C:\Program Files\Microsoft SQL Server\160\Tools\Binn;C:\Program Files\Microsoft SQL Server\Client SDK\ODBC\170\Tools\Binn;C:\Program Files\Microsoft SQL Server\160\DTS\Binn;C:\Program Files (x86)\Microsoft SQL Server\160\DTS\Binn;C:\Program Files\Azure Data Studio\bin;C:\Program Files\Git\cmd;C:\Program Files\nodejs;C:\ProgramData\chocolatey\bin;C:\Users\joseph\AppData\Local\Programs\Python\Python311\Scripts;C:\Users\joseph\AppData\Local\Progr;C:\Program Files\Java\jdk-21\bin;C:\Program Files (x86)\GnuPG\bin;C:\Program Files\OpenSSL-Win64\bin;C:\Users\joseph\AppData\Roaming\Python\Python311\Scripts;C:\Program Files\NVIDIA Corporation\Nsight Compute 2024.1.1;C:\Program Files (x86)\NVIDIA Corporation\PhysX\Common;C:\Program Files\NVIDIA Corporation\NVIDIA NvDLISR;C:\Users\joseph\AppData\Local\Microsoft\WindowsApps;C:\Users\joseph\AppData\Local\Programs\Microsoft VS Code\bin;C:\Users\joseph\AppData\Local\atom\bin;C:\xampp\php;C:\Users\joseph\AppData\Local\ComposerSetup\bin;C:\Users\joseph\AppData\Roaming\Composer\vendor\bin;C:\Program Files\Azure Data Studio\bin;C:\Users\joseph\AppData\Roaming\npm;C:\Users\joseph\AppData\Local\Android\Sdk\platform-tools;C:\Program Files\JetBrains\PhpStorm 2023.2.2\bin;C:\Program Files\JetBrains\CLion 2023.2.2\bin;C:\Program Files\JetBrains\PyCharm 2023.3.2\bin;C:\Program Files\JetBrains\IntelliJ IDEA 2023.2.2\bin;C:\Program Files\JetBrains\WebStorm 2023.2.4\bin;C:\flutter\flutter\bin;C:\Program Files\JetBrains\DataGrip 2023.2.3\bin;C:\Program Files\JetBrains\IntelliJ IDEA 2023.2.2\plugins\maven\lib\maven3\bin;C:\Program Files\JetBrains\GoLand 2023.2.4\bin;C:\Program Files\JetBrains\PyCharm Community Edition 2023.3.2\bin;C:\Program Files\OpenSSL-Win64\bin;C:\Users\joseph\AppData\Local\Pub\Cache\bin;C:\Users\joseph\AppData\Roaming\Python\Python311\Scripts;C:\Users\joseph\Anaconda3\Scripts;C:\Users\joseph\Anaconda3;C:\Users\joseph\Anaconda3\Library\bin;C:\Program Files\Git\usr\bin\vendor_perl;C:\Program Files\Git\usr\bin\core_perl
USERNAME=joseph
SHELL=C:\Program Files\Git\usr\bin\bash.exe
DISPLAY=needs-to-be-defined
LANG=en_US.UTF-8
TERM=xterm-256color
TMPDIR=C:\Users\joseph\AppData\Local\Temp
OS=Windows_NT
PROCESSOR_IDENTIFIER=Intel64 Family 6 Model 141 Stepping 1, GenuineIntel
TMP=C:\Users\joseph\AppData\Local\Temp
TEMP=C:\Users\joseph\AppData\Local\Temp




Periodic native trim disabled

---------------  S Y S T E M  ---------------

OS:
 Windows 10 , 64 bit Build 19041 (10.0.19041.5198)
OS uptime: 4 days 5:03 hours

CPU: total 16 (initial active 16) (8 cores per cpu, 2 threads per core) family 6 model 141 stepping 1 microcode 0x52, cx8, cmov, fxsr, ht, mmx, 3dnowpref, sse, sse2, sse3, ssse3, sse4.1, sse4.2, popcnt, lzcnt, tsc, tscinvbit, avx, avx2, aes, erms, clmul, bmi1, bmi2, adx, avx512f, avx512dq, avx512cd, avx512bw, avx512vl, sha, fma, vzeroupper, avx512_vpopcntdq, avx512_vpclmulqdq, avx512_vaes, avx512_vnni, clflush, clflushopt, clwb, avx512_vbmi2, avx512_vbmi, rdtscp, rdpid, fsrm, gfni, avx512_bitalg, f16c, pku, cet_ibt, cet_ss, avx512_ifma
Processor Information for processor 0
  Max Mhz: 2304, Current Mhz: 901, Mhz Limit: 2304
Processor Information for processor 1
  Max Mhz: 2304, Current Mhz: 901, Mhz Limit: 2304
Processor Information for processor 2
  Max Mhz: 2304, Current Mhz: 901, Mhz Limit: 2304
Processor Information for processor 3
  Max Mhz: 2304, Current Mhz: 901, Mhz Limit: 2304
Processor Information for processor 4
  Max Mhz: 2304, Current Mhz: 2304, Mhz Limit: 2304
Processor Information for processor 5
  Max Mhz: 2304, Current Mhz: 901, Mhz Limit: 2304
Processor Information for processor 6
  Max Mhz: 2304, Current Mhz: 901, Mhz Limit: 2304
Processor Information for processor 7
  Max Mhz: 2304, Current Mhz: 901, Mhz Limit: 2304
Processor Information for processor 8
  Max Mhz: 2304, Current Mhz: 901, Mhz Limit: 2304
Processor Information for processor 9
  Max Mhz: 2304, Current Mhz: 901, Mhz Limit: 2304
Processor Information for processor 10
  Max Mhz: 2304, Current Mhz: 901, Mhz Limit: 2304
Processor Information for processor 11
  Max Mhz: 2304, Current Mhz: 901, Mhz Limit: 2304
Processor Information for processor 12
  Max Mhz: 2304, Current Mhz: 901, Mhz Limit: 2304
Processor Information for processor 13
  Max Mhz: 2304, Current Mhz: 901, Mhz Limit: 2304
Processor Information for processor 14
  Max Mhz: 2304, Current Mhz: 901, Mhz Limit: 2304
Processor Information for processor 15
  Max Mhz: 2304, Current Mhz: 901, Mhz Limit: 2304

Memory: 4k page, system-wide physical 65259M (29454M free)
TotalPageFile size 84715M (AvailPageFile size 32527M)
current process WorkingSet (physical memory assigned to process): 807M, peak: 911M
current process commit charge ("private bytes"): 1347M, peak: 1784M

vm_info: Java HotSpot(TM) 64-Bit Server VM (21.0.1+12-LTS-29) for windows-amd64 JRE (21.0.1+12-LTS-29), built on 2023-10-05T13:27:09Z by "mach5one" with MS VC++ 17.1 (VS2022)

END.
